{"/Users/bryantebeek/Projects/Stencil/springbok/src/components/my-component/my-component.tsx": {"path":"/Users/bryantebeek/Projects/Stencil/springbok/src/components/my-component/my-component.tsx","statementMap":{"0":{"start":{"line":2,"column":0},"end":{"line":2,"column":62}},"1":{"start":{"line":3,"column":57},"end":{"line":3,"column":81}},"2":{"start":{"line":4,"column":15},"end":{"line":4,"column":39}},"3":{"start":{"line":7,"column":8},"end":{"line":7,"column":50}},"4":{"start":{"line":10,"column":24},"end":{"line":10,"column":34}},"5":{"start":{"line":11,"column":8},"end":{"line":13,"column":9}},"6":{"start":{"line":12,"column":12},"end":{"line":12,"column":46}},"7":{"start":{"line":16,"column":8},"end":{"line":16,"column":47}},"8":{"start":{"line":18,"column":33},"end":{"line":113,"column":6}},"9":{"start":{"line":115,"column":0},"end":{"line":115,"column":34}}},"fnMap":{"0":{"name":"(anonymous_0)","decl":{"start":{"line":6,"column":4},"end":{"line":6,"column":5}},"loc":{"start":{"line":6,"column":25},"end":{"line":8,"column":5}},"line":6},"1":{"name":"(anonymous_1)","decl":{"start":{"line":9,"column":4},"end":{"line":9,"column":5}},"loc":{"start":{"line":9,"column":24},"end":{"line":14,"column":5}},"line":9},"2":{"name":"(anonymous_2)","decl":{"start":{"line":15,"column":4},"end":{"line":15,"column":5}},"loc":{"start":{"line":15,"column":13},"end":{"line":17,"column":5}},"line":15},"3":{"name":"(anonymous_3)","decl":{"start":{"line":18,"column":4},"end":{"line":18,"column":5}},"loc":{"start":{"line":18,"column":31},"end":{"line":113,"column":8}},"line":18}},"branchMap":{"0":{"loc":{"start":{"line":11,"column":8},"end":{"line":13,"column":9}},"type":"if","locations":[{"start":{"line":11,"column":8},"end":{"line":13,"column":9}},{"start":{"line":11,"column":8},"end":{"line":13,"column":9}}],"line":11}},"s":{"0":1,"1":1,"2":1,"3":2,"4":2,"5":2,"6":1,"7":2,"8":16,"9":1},"f":{"0":2,"1":2,"2":2,"3":16},"b":{"0":[1,1]},"_coverageSchema":"43e27e138ebf9cfc5966b082cf9a028302ed4184","hash":"66c8909cf7305741b7cf6443bee895543c848f49"}
,"/Users/bryantebeek/Projects/Stencil/springbok/src/utils/utils.ts": {"path":"/Users/bryantebeek/Projects/Stencil/springbok/src/utils/utils.ts","statementMap":{"0":{"start":{"line":3,"column":2},"end":{"line":7,"column":4}},"1":{"start":{"line":2,"column":0},"end":{"line":2,"column":16}}},"fnMap":{"0":{"name":"format","decl":{"start":{"line":2,"column":16},"end":{"line":2,"column":22}},"loc":{"start":{"line":2,"column":66},"end":{"line":8,"column":1}}}},"branchMap":{"0":{"loc":{"start":{"line":4,"column":5},"end":{"line":4,"column":10}},"type":"binary-expr","locations":[{"start":{"line":4,"column":5},"end":{"line":4,"column":10}},{"start":{"line":4,"column":14},"end":{"line":4,"column":16}}]},"1":{"loc":{"start":{"line":5,"column":14},"end":{"line":5,"column":26}},"type":"cond-expr","locations":[{"start":{"line":5,"column":14},"end":{"line":5,"column":26}},{"start":{"line":5,"column":29},"end":{"line":5,"column":31}}]},"2":{"loc":{"start":{"line":6,"column":12},"end":{"line":6,"column":22}},"type":"cond-expr","locations":[{"start":{"line":6,"column":12},"end":{"line":6,"column":22}},{"start":{"line":6,"column":25},"end":{"line":6,"column":27}}]}},"s":{"0":2,"1":1},"f":{"0":2},"b":{"0":[2,1],"1":[1,1],"2":[1,1]}}
}
