TN:
SF:/Users/bryantebeek/Projects/Stencil/springbok/src/components/my-component/my-component.tsx
FN:6,(anonymous_0)
FN:9,(anonymous_1)
FN:15,(anonymous_2)
FN:18,(anonymous_3)
FNF:4
FNH:4
FNDA:2,(anonymous_0)
FNDA:2,(anonymous_1)
FNDA:2,(anonymous_2)
FNDA:16,(anonymous_3)
DA:2,1
DA:3,1
DA:4,1
DA:7,2
DA:10,2
DA:11,2
DA:12,1
DA:16,2
DA:18,16
DA:115,1
LF:10
LH:10
BRDA:11,0,0,1
BRDA:11,0,1,1
BRF:2
BRH:2
end_of_record
TN:
SF:/Users/bryantebeek/Projects/Stencil/springbok/src/utils/utils.ts
FN:2,format
FNF:1
FNH:1
FNDA:2,format
DA:2,1
DA:3,2
LF:2
LH:2
BRDA:4,0,0,2
BRDA:4,0,1,1
BRDA:5,1,0,1
BRDA:5,1,1,1
BRDA:6,2,0,1
BRDA:6,2,1,1
BRF:6
BRH:6
end_of_record
